<?xml version="1.0" encoding="UTF-8"?>
<!-- Generated by org.testng.reporters.JUnitReportReporter -->
<testsuite hostname="Sonali-PC" failures="0" tests="1" name="com.qa.guru.TestCases.shareWishListPageTest" time="21.342" errors="0" timestamp="12 Feb 2020 03:47:44 GMT" skipped="0">
  <testcase classname="com.qa.guru.TestCases.shareWishListPageTest" name="shareWishList" time="21.342"/>
</testsuite> <!-- com.qa.guru.TestCases.shareWishListPageTest -->
