<?xml version="1.0" encoding="UTF-8"?>
<!-- Generated by org.testng.reporters.JUnitReportReporter -->
<testsuite hostname="Sonali-PC" failures="0" tests="2" name="com.qa.guru.TestCases.RegisterPageTest" time="23.912" errors="0" timestamp="05 Feb 2020 00:41:25 GMT" skipped="0">
  <testcase classname="com.qa.guru.TestCases.RegisterPageTest" name="validateRegisterInfo" time="13.098"/>
  <testcase classname="com.qa.guru.TestCases.RegisterPageTest" name="validateRegisterInfo" time="10.814"/>
</testsuite> <!-- com.qa.guru.TestCases.RegisterPageTest -->
