<?xml version="1.0" encoding="UTF-8"?>
<!-- Generated by org.testng.reporters.JUnitReportReporter -->
<testsuite hostname="Sonali-PC" failures="0" tests="1" name="com.qa.guru.TestCases.LoginPageTest" time="14.405" errors="0" timestamp="09 Feb 2020 23:04:08 GMT" skipped="0">
  <testcase classname="com.qa.guru.TestCases.LoginPageTest" name="loginTest" time="14.405"/>
</testsuite> <!-- com.qa.guru.TestCases.LoginPageTest -->
