<?xml version="1.0" encoding="UTF-8"?>
<!-- Generated by org.testng.reporters.JUnitReportReporter -->
<testsuite hostname="Sonali-PC" failures="0" tests="1" name="com.qa.guru.TestCases.CheckoutPageTest" time="11.744" errors="0" timestamp="12 Feb 2020 19:07:12 GMT" skipped="0">
  <testcase classname="com.qa.guru.TestCases.CheckoutPageTest" name="verifyReOrderProduct" time="11.744"/>
</testsuite> <!-- com.qa.guru.TestCases.CheckoutPageTest -->
