<?xml version="1.0" encoding="UTF-8"?>
<!-- Generated by org.testng.reporters.JUnitReportReporter -->
<testsuite hostname="Sonali-PC" failures="0" tests="1" name="com.qa.guru.TestCases.SonyMobileDetailsTest" time="10.974" errors="0" timestamp="30 Jan 2020 21:48:11 GMT" skipped="0">
  <testcase classname="com.qa.guru.TestCases.SonyMobileDetailsTest" name="compareSonyPrice" time="10.974"/>
</testsuite> <!-- com.qa.guru.TestCases.SonyMobileDetailsTest -->
