<?xml version="1.0" encoding="UTF-8"?>
<!-- Generated by org.testng.reporters.JUnitReportReporter -->
<testsuite hostname="Sonali-PC" failures="0" tests="1" name="com.qa.guru.TestCases.ShoppingCartTest" time="9.769" errors="0" timestamp="13 Feb 2020 20:26:15 GMT" skipped="0">
  <testcase classname="com.qa.guru.TestCases.ShoppingCartTest" name="verifyPrdctQty" time="9.769"/>
</testsuite> <!-- com.qa.guru.TestCases.ShoppingCartTest -->
