<?xml version="1.0" encoding="UTF-8"?>
<!-- Generated by org.testng.reporters.JUnitReportReporter -->
<testsuite hostname="Sonali-PC" failures="0" tests="1" name="com.qa.guru.TestCases.ExportOrdersBackendFunctionsTest" time="36.670" errors="0" timestamp="13 Feb 2020 19:00:16 GMT" skipped="0">
  <testcase classname="com.qa.guru.TestCases.ExportOrdersBackendFunctionsTest" name="ExportOrdersBackendFunctions" time="36.670"/>
</testsuite> <!-- com.qa.guru.TestCases.ExportOrdersBackendFunctionsTest -->
