<?xml version="1.0" encoding="UTF-8"?>
<!-- Generated by org.testng.reporters.JUnitReportReporter -->
<testsuite hostname="Sonali-PC" failures="0" tests="1" name="com.qa.guru.TestCases.HomePageTest" time="22.618" errors="0" timestamp="29 Jan 2020 00:31:18 GMT" skipped="0">
  <testcase classname="com.qa.guru.TestCases.HomePageTest" name="clickOnMobileMenu" time="22.618"/>
</testsuite> <!-- com.qa.guru.TestCases.HomePageTest -->
